2026-07-07 20:37:35,275 ERROR skillpath Database health check failed
Traceback (most recent call last):
  File "D:\potens internship\app\api\routes.py", line 38, in health_database
    db.execute("SELECT 1")
  File "D:\potens internship\.venv\Lib\site-packages\sqlalchemy\orm\session.py", line 2351, in execute
    return self._execute_internal(
           ^^^^^^^^^^^^^^^^^^^^^^^
  File "D:\potens internship\.venv\Lib\site-packages\sqlalchemy\orm\session.py", line 2134, in _execute_internal
    statement = coercions.expect(roles.StatementRole, statement)
                ^^^^^^^^^^^^^^^^^^^^^^^^^^^^^^^^^^^^^^^^^^^^^^^^
  File "D:\potens internship\.venv\Lib\site-packages\sqlalchemy\sql\coercions.py", line 396, in expect
    resolved = impl._literal_coercion(
               ^^^^^^^^^^^^^^^^^^^^^^^
  File "D:\potens internship\.venv\Lib\site-packages\sqlalchemy\sql\coercions.py", line 621, in _literal_coercion
    return self._text_coercion(element, argname, **kw)
           ^^^^^^^^^^^^^^^^^^^^^^^^^^^^^^^^^^^^^^^^^^^
  File "D:\potens internship\.venv\Lib\site-packages\sqlalchemy\sql\coercions.py", line 614, in _text_coercion
    return _no_text_coercion(element, argname)
           ^^^^^^^^^^^^^^^^^^^^^^^^^^^^^^^^^^^
  File "D:\potens internship\.venv\Lib\site-packages\sqlalchemy\sql\coercions.py", line 584, in _no_text_coercion
    raise exc_cls(
sqlalchemy.exc.ArgumentError: Textual SQL expression 'SELECT 1' should be explicitly declared as text('SELECT 1')
2026-07-07 21:50:33,288 INFO skillpath Generated 0 recommendations for profile with goal: Developer Job
2026-07-07 21:51:36,911 INFO skillpath Generated explanation for item 2: Career Pivot Accelerator
